\BOOKMARK [0][-]{mychaptercounter.1}{\376\377\0001\000\040\000I\000n\000t\000r\000o\000d\000u\000\347\000\343\000o}{}% 1
\BOOKMARK [1][-]{section.1.1}{\376\377\000D\000e\000f\000i\000n\000i\000\347\000\343\000o\000\040\000d\000o\000\040\000P\000r\000o\000b\000l\000e\000m\000a}{mychaptercounter.1}% 2
\BOOKMARK [1][-]{section.1.2}{\376\377\000R\000e\000v\000i\000s\000\343\000o\000\040\000d\000a\000\040\000l\000i\000t\000e\000r\000a\000t\000u\000r\000a}{mychaptercounter.1}% 3
\BOOKMARK [1][-]{section.1.3}{\376\377\000C\000o\000n\000t\000r\000i\000b\000u\000i\000\347\000\365\000e\000s}{mychaptercounter.1}% 4
\BOOKMARK [1][-]{section.1.4}{\376\377\000O\000b\000j\000e\000t\000i\000v\000o}{mychaptercounter.1}% 5
\BOOKMARK [1][-]{section.1.5}{\376\377\000O\000r\000g\000a\000n\000i\000z\000a\000\347\000\343\000o\000\040\000d\000a\000\040\000D\000i\000s\000s\000e\000r\000t\000a\000\347\000\343\000o}{mychaptercounter.1}% 6
\BOOKMARK [0][-]{mychaptercounter.2}{\376\377\0002\000\040\000F\000u\000n\000d\000a\000m\000e\000n\000t\000a\000\347\000\343\000o\000\040\000T\000e\000\363\000r\000i\000c\000a}{}% 7
\BOOKMARK [1][-]{section.2.1}{\376\377\000T\000e\000o\000r\000i\000a\000\040\000d\000o\000s\000\040\000G\000r\000a\000f\000o\000s}{mychaptercounter.2}% 8
\BOOKMARK [1][-]{section.2.2}{\376\377\000A\000n\000\341\000l\000i\000s\000e\000\040\000d\000e\000\040\000R\000e\000d\000e\000s\000\040\000S\000o\000c\000i\000a\000i\000s}{mychaptercounter.2}% 9
\BOOKMARK [1][-]{section.2.3}{\376\377\000R\000e\000d\000e\000s\000\040\000C\000o\000m\000p\000l\000e\000x\000a\000s}{mychaptercounter.2}% 10
\BOOKMARK [1][-]{section.2.4}{\376\377\000C\000o\000l\000a\000b\000o\000r\000a\000\347\000\343\000o\000\040\000C\000i\000e\000n\000t\000\355\000f\000i\000c\000a}{mychaptercounter.2}% 11
\BOOKMARK [0][-]{mychaptercounter.3}{\376\377\0003\000\040\000M\000e\000t\000o\000d\000o\000l\000o\000g\000i\000a}{}% 12
\BOOKMARK [1][-]{section.3.1}{\376\377\000D\000e\000f\000i\000n\000i\000\347\000\343\000o\000\040\000d\000a\000\040\000r\000e\000d\000e}{mychaptercounter.3}% 13
\BOOKMARK [1][-]{section.3.2}{\376\377\000T\000r\000a\000t\000a\000m\000e\000n\000t\000o\000\040\000d\000e\000\040\000d\000a\000d\000o\000s\000\040\000d\000a\000\040\000r\000e\000d\000e}{mychaptercounter.3}% 14
\BOOKMARK [1][-]{section.3.3}{\376\377\000D\000e\000t\000e\000r\000m\000i\000n\000a\000\347\000\343\000o\000\040\000d\000a\000s\000\040\000c\000a\000r\000a\000c\000t\000e\000r\000\355\000s\000t\000i\000c\000a\000s\000\040\000e\000s\000t\000r\000u\000t\000u\000r\000a\000i\000s}{mychaptercounter.3}% 15
\BOOKMARK [1][-]{section.3.4}{\376\377\000I\000n\000s\000p\000e\000\347\000\343\000o\000\040\000v\000i\000s\000u\000a\000l}{mychaptercounter.3}% 16
\BOOKMARK [0][-]{mychaptercounter.4}{\376\377\0004\000\040\000R\000e\000s\000u\000l\000t\000a\000d\000o\000s\000\040\000e\000\040\000A\000n\000\341\000l\000i\000s\000e\000s}{}% 17
\BOOKMARK [1][-]{section.4.1}{\376\377\000R\000e\000d\000e\000s\000\040\000d\000e\000\040\000C\000o\000u\000t\000o\000r\000i\000a\000s\000\040\000-\000\040\000B\000a\000s\000e\000\040\000S\000c\000i\000E\000L\000O}{mychaptercounter.4}% 18
\BOOKMARK [2][-]{subsection.4.1.1}{\376\377\000C\000a\000r\000a\000c\000t\000e\000r\000\355\000s\000t\000i\000c\000a\000s\000\040\000E\000s\000t\000r\000u\000t\000u\000r\000a\000i\000s}{section.4.1}% 19
\BOOKMARK [1][-]{section.4.2}{\376\377\000M\000e\000d\000i\000d\000a\000s\000\040\000d\000e\000\040\000C\000e\000n\000t\000r\000a\000l\000i\000d\000a\000d\000e}{mychaptercounter.4}% 20
\BOOKMARK [2][-]{subsection.4.2.1}{\376\377\000C\000e\000n\000t\000r\000a\000l\000i\000d\000a\000d\000e\000\040\000d\000o\000\040\000G\000r\000a\000u}{section.4.2}% 21
\BOOKMARK [2][-]{subsection.4.2.2}{\376\377\000C\000e\000n\000t\000r\000a\000l\000i\000d\000a\000d\000e\000\040\000d\000e\000\040\000P\000r\000o\000x\000i\000m\000i\000d\000a\000d\000e}{section.4.2}% 22
\BOOKMARK [2][-]{subsection.4.2.3}{\376\377\000C\000e\000n\000t\000r\000a\000l\000i\000d\000a\000d\000e\000\040\000d\000e\000\040\000I\000n\000t\000e\000r\000m\000e\000d\000i\000a\000\347\000\343\000o}{section.4.2}% 23
\BOOKMARK [1][-]{section.4.3}{\376\377\000R\000a\000n\000k\000i\000n\000g\000\040\000d\000a\000s\000\040\000M\000e\000d\000i\000d\000a\000s\000\040\000d\000e\000\040\000C\000e\000n\000t\000r\000a\000l\000i\000d\000a\000d\000e}{mychaptercounter.4}% 24
\BOOKMARK [1][-]{section.4.4}{\376\377\000D\000i\000s\000c\000u\000s\000s\000\343\000o\000\040\000d\000o\000s\000\040\000R\000e\000s\000u\000l\000t\000a\000d\000o\000s}{mychaptercounter.4}% 25
\BOOKMARK [0][-]{mychaptercounter.5}{\376\377\0005\000\040\000C\000o\000n\000c\000l\000u\000s\000\365\000e\000s}{}% 26
\BOOKMARK [1][-]{section.5.1}{\376\377\000C\000o\000n\000s\000i\000d\000e\000r\000a\000\347\000\365\000e\000s\000\040\000F\000i\000n\000a\000i\000s}{mychaptercounter.5}% 27
\BOOKMARK [1][-]{section.5.2}{\376\377\000T\000r\000a\000b\000a\000l\000h\000o\000s\000\040\000f\000u\000t\000u\000r\000o\000s}{mychaptercounter.5}% 28
\BOOKMARK [0][-]{appendix.A}{\376\377\000R\000e\000d\000e\000s\000\040\000d\000e\000\040\000C\000o\000a\000u\000t\000o\000r\000i\000a}{}% 29
\BOOKMARK [1][-]{section.A.1}{\376\377\000H\000e\000a\000l\000t\000h\000\040\000S\000c\000i\000e\000n\000c\000e\000s}{appendix.A}% 30
\BOOKMARK [1][-]{section.A.2}{\376\377\000A\000g\000r\000i\000c\000u\000l\000t\000u\000r\000a\000l\000\040\000S\000c\000i\000e\000n\000c\000e\000s}{appendix.A}% 31
\BOOKMARK [1][-]{section.A.3}{\376\377\000E\000x\000a\000c\000t\000\040\000a\000n\000d\000\040\000E\000a\000r\000t\000h\000\040\000S\000c\000i\000e\000n\000c\000e\000s}{appendix.A}% 32
\BOOKMARK [0][-]{appendix.B}{\376\377\000G\000r\000\341\000f\000i\000c\000o\000s}{}% 33
\BOOKMARK [1][-]{section.B.1}{\376\377\000G\000r\000\341\000f\000i\000c\000o\000s\000\040\000e\000\040\000H\000i\000s\000t\000o\000g\000r\000a\000m\000a\000s\000\040\000-\000\040\000C\000e\000n\000t\000r\000a\000l\000i\000d\000a\000d\000e\000\040\000d\000o\000\040\000G\000r\000a\000u}{appendix.B}% 34
\BOOKMARK [1][-]{section.B.2}{\376\377\000G\000r\000\341\000f\000i\000c\000o\000s\000\040\000e\000\040\000H\000i\000s\000t\000o\000g\000r\000a\000m\000a\000s\000\040\000-\000\040\000C\000e\000n\000t\000r\000a\000l\000i\000d\000a\000d\000e\000\040\000d\000e\000\040\000P\000r\000o\000x\000i\000m\000i\000d\000a\000d\000e}{appendix.B}% 35
\BOOKMARK [1][-]{section.B.3}{\376\377\000G\000r\000\341\000f\000i\000c\000o\000s\000\040\000e\000\040\000H\000i\000s\000t\000o\000g\000r\000a\000m\000a\000s\000\040\000-\000\040\000C\000e\000n\000t\000r\000a\000l\000i\000d\000a\000d\000e\000\040\000d\000e\000\040\000I\000n\000t\000e\000r\000m\000e\000d\000i\000a\000\347\000\343\000o}{appendix.B}% 36
\BOOKMARK [0][-]{appendix*.63}{\376\377\000R\000e\000f\000e\000r\000\352\000n\000c\000i\000a\000s\000\040\000B\000i\000b\000l\000i\000o\000g\000r\000\341\000f\000i\000c\000a\000s}{}% 37
