\BOOKMARK [1][-]{section.1}{Introdu\347\343o}{}% 1
\BOOKMARK [2][-]{subsection.1.1}{Defini\347\343o do Problema}{section.1}% 2
\BOOKMARK [2][-]{subsection.1.2}{Revis\343o da Literatura}{section.1}% 3
\BOOKMARK [2][-]{subsection.1.3}{Contribui\347\365es}{section.1}% 4
\BOOKMARK [2][-]{subsection.1.4}{Objetivos}{section.1}% 5
\BOOKMARK [1][-]{section.2}{Fundamenta\347\343o Te\363rica}{}% 6
\BOOKMARK [2][-]{subsection.2.1}{Teoria dos Grafos}{section.2}% 7
\BOOKMARK [2][-]{subsection.2.2}{An\341lise de Redes Sociais}{section.2}% 8
\BOOKMARK [2][-]{subsection.2.3}{Redes Complexas}{section.2}% 9
\BOOKMARK [1][-]{section.3}{Colabora\347\343o Cient\355fica}{}% 10
\BOOKMARK [1][-]{section.4}{Metodologia}{}% 11
\BOOKMARK [2][-]{subsection.4.1}{Defini\347\343o da rede}{section.4}% 12
\BOOKMARK [2][-]{subsection.4.2}{Tratamento de dados da rede}{section.4}% 13
\BOOKMARK [2][-]{subsection.4.3}{Determina\347\343o das caracter\355sticas estruturais}{section.4}% 14
\BOOKMARK [2][-]{subsection.4.4}{Inspe\347\343o visual}{section.4}% 15
\BOOKMARK [1][-]{section.5}{Regi\343o Norte}{}% 16
\BOOKMARK [1][-]{section.6}{Regi\343o Nordeste}{}% 17
\BOOKMARK [1][-]{section.7}{Regi\343o Cento-Oeste}{}% 18
\BOOKMARK [1][-]{section.8}{Regi\343o Sudeste}{}% 19
\BOOKMARK [1][-]{section.9}{Regi\343o Sul}{}% 20
