This is pdfTeX, Version 3.14159265-2.6-1.40.19 (MiKTeX 2.9.6840 64-bit) (preloaded format=latex 2019.1.3)  15 JAN 2019 21:11
entering extended mode
**./main.tex
(main.tex
LaTeX2e <2018-04-01> patch level 5
(D:\MikTex\tex\latex\base\article.cls
Document Class: article 2014/09/29 v1.4h Standard LaTeX document class
(D:\MikTex\tex\latex\base\size12.clo
File: size12.clo 2014/09/29 v1.4h Standard LaTeX file (size option)
)
\c@part=\count80
\c@section=\count81
\c@subsection=\count82
\c@subsubsection=\count83
\c@paragraph=\count84
\c@subparagraph=\count85
\c@figure=\count86
\c@table=\count87
\abovecaptionskip=\skip41
\belowcaptionskip=\skip42
\bibindent=\dimen102
) (sbc-template.sty
Package: sbc-template 2001/06/09

(D:\MikTex\tex\latex\geometry\geometry.sty
Package: geometry 2018/04/16 v5.8 Page Geometry

(D:\MikTex\tex\latex\graphics\keyval.sty
Package: keyval 2014/10/28 v1.15 key=value parser (DPC)
\KV@toks@=\toks14
)
(D:\MikTex\tex\generic\oberdiek\ifpdf.sty
Package: ifpdf 2018/09/07 v3.3 Provides the ifpdf switch
)
(D:\MikTex\tex\generic\oberdiek\ifvtex.sty
Package: ifvtex 2016/05/16 v1.6 Detect VTeX and its facilities (HO)
Package ifvtex Info: VTeX not detected.
)
(D:\MikTex\tex\generic\ifxetex\ifxetex.sty
Package: ifxetex 2010/09/12 v0.6 Provides ifxetex conditional
)
\Gm@cnth=\count88
\Gm@cntv=\count89
\c@Gm@tempcnt=\count90
\Gm@bindingoffset=\dimen103
\Gm@wd@mp=\dimen104
\Gm@odd@mp=\dimen105
\Gm@even@mp=\dimen106
\Gm@layoutwidth=\dimen107
\Gm@layoutheight=\dimen108
\Gm@layouthoffset=\dimen109
\Gm@layoutvoffset=\dimen110
\Gm@dimlist=\toks15

(D:\MikTex\tex\latex\geometry\geometry.cfg)) (caption2.sty
Package: caption2 2002/08/03 v2.1 Customising captions (AS)
\captionmargin=\dimen111
\captionwidth=\dimen112
\captionindent=\dimen113
Package caption2 Info: Running in caption2 v2.0 compatibility mode on input lin
e 147.
\captionlinewidth=\dimen114
)
(D:\MikTex\tex\latex\psnfss\times.sty
Package: times 2005/04/12 PSNFSS-v9.2a (SPQR) 
)
\c@instn=\count91

(D:\MikTex\tex\latex\titlesec\titlesec.sty
Package: titlesec 2016/03/21 v2.10.2 Sectioning titles
\ttl@box=\box26
\beforetitleunit=\skip43
\aftertitleunit=\skip44
\ttl@plus=\dimen115
\ttl@minus=\dimen116
\ttl@toksa=\toks16
\titlewidth=\dimen117
\titlewidthlast=\dimen118
\titlewidthfirst=\dimen119
))
(D:\MikTex\tex\latex\graphics\graphicx.sty
Package: graphicx 2017/06/01 v1.1a Enhanced LaTeX Graphics (DPC,SPQR)

(D:\MikTex\tex\latex\graphics\graphics.sty
Package: graphics 2017/06/25 v1.2c Standard LaTeX Graphics (DPC,SPQR)

(D:\MikTex\tex\latex\graphics\trig.sty
Package: trig 2016/01/03 v1.10 sin cos tan (DPC)
)
(D:\MikTex\tex\latex\graphics-cfg\graphics.cfg
File: graphics.cfg 2016/06/04 v1.11 sample graphics configuration
)
Package graphics Info: Driver file: dvips.def on input line 99.

(D:\MikTex\tex\latex\graphics-def\dvips.def
File: dvips.def 2017/06/20 v3.1d Graphics/color driver for dvips
))
\Gin@req@height=\dimen120
\Gin@req@width=\dimen121
) (D:\MikTex\tex\latex\url\url.sty
\Urlmuskip=\muskip10
Package: url 2013/09/16  ver 3.4  Verb mode for urls, etc.
) (D:\MikTex\tex\latex\xcolor\xcolor.sty
Package: xcolor 2016/05/11 v2.12 LaTeX color extensions (UK)

(D:\MikTex\tex\latex\graphics-cfg\color.cfg
File: color.cfg 2016/01/02 v1.6 sample color configuration
)
Package xcolor Info: Driver file: dvips.def on input line 225.

(D:\MikTex\tex\latex\colortbl\colortbl.sty
Package: colortbl 2018/12/12 v1.0d Color table columns (DPC)
 (D:\MikTex\tex\latex\tools\array.sty
Package: array 2018/04/30 v2.4h Tabular extension package (FMi)
\col@sep=\dimen122
\ar@mcellbox=\box27
\extrarowheight=\dimen123
\NC@list=\toks17
\extratabsurround=\skip45
\backup@length=\skip46
\ar@cellbox=\box28
)
\everycr=\toks18
\minrowclearance=\skip47
)
\rownum=\count92
Package xcolor Info: Model `cmy' substituted by `cmy0' on input line 1348.
Package xcolor Info: Model `RGB' extended on input line 1364.
Package xcolor Info: Model `HTML' substituted by `rgb' on input line 1366.
Package xcolor Info: Model `Hsb' substituted by `hsb' on input line 1367.
Package xcolor Info: Model `tHsb' substituted by `hsb' on input line 1368.
Package xcolor Info: Model `HSB' substituted by `hsb' on input line 1369.
Package xcolor Info: Model `Gray' substituted by `gray' on input line 1370.
Package xcolor Info: Model `wave' substituted by `hsb' on input line 1371.
) (D:\MikTex\tex\latex\base\inputenc.sty
Package: inputenc 2018/04/06 v1.3b Input encoding file
\inpenc@prehook=\toks19
\inpenc@posthook=\toks20
) (D:\MikTex\tex\latex\ulem\ulem.sty
\UL@box=\box29
\UL@hyphenbox=\box30
\UL@skip=\skip48
\UL@hook=\toks21
\UL@height=\dimen124
\UL@pe=\count93
\UL@pixel=\dimen125
\ULC@box=\box31
Package: ulem 2012/05/18
\ULdepth=\dimen126
) (D:\MikTex\tex\latex\natbib\natbib.sty
Package: natbib 2010/09/13 8.31b (PWD, AO)
\bibhang=\skip49
\bibsep=\skip50
LaTeX Info: Redefining \cite on input line 694.
\c@NAT@ctr=\count94
) (D:\MikTex\tex\generic\babel\babel.sty
Package: babel 2018/09/26 3.24 The Babel package
(D:\MikTex\tex\generic\babel\switch.def
File: switch.def 2018/09/26 3.24 Babel switching mechanism
)
*************************************
* Local config file bblopts.cfg used
*
(D:\MikTex\tex\latex\arabi\bblopts.cfg
File: bblopts.cfg 2005/09/08 v0.1 add Arabic and Farsi to "declared" options of
 babel
)
(D:\MikTex\tex\latex\babel-portuges\portuges.ldf
Language: portuges 2008/03/18 v1.2q Portuguese support from the babel system

(D:\MikTex\tex\generic\babel\babel.def
File: babel.def 2018/09/26 3.24 Babel common definitions
\babel@savecnt=\count95
\U@D=\dimen127

(D:\MikTex\tex\generic\babel\txtbabel.def)
\bbl@dirlevel=\count96
)
Package babel Info: Making " an active character on input line 145.
))
(D:\MikTex\tex\latex\float\float.sty
Package: float 2001/11/08 v1.3d Float enhancements (AL)
\c@float@type=\count97
\float@exts=\toks22
\float@box=\box32
\@float@everytoks=\toks23
\@floatcapt=\box33
)
(D:\MikTex\tex\latex\pgf\frontendlayer\tikz.sty
(D:\MikTex\tex\latex\pgf\basiclayer\pgf.sty
(D:\MikTex\tex\latex\pgf\utilities\pgfrcs.sty
(D:\MikTex\tex\generic\pgf\utilities\pgfutil-common.tex
\pgfutil@everybye=\toks24
\pgfutil@tempdima=\dimen128
\pgfutil@tempdimb=\dimen129

(D:\MikTex\tex\generic\pgf\utilities\pgfutil-common-lists.tex))
(D:\MikTex\tex\generic\pgf\utilities\pgfutil-latex.def
\pgfutil@abb=\box34

(D:\MikTex\tex\latex\ms\everyshi.sty
Package: everyshi 2001/05/15 v3.00 EveryShipout Package (MS)
))
(D:\MikTex\tex\generic\pgf\utilities\pgfrcs.code.tex
Package: pgfrcs 2015/08/07 v3.0.1a (rcs-revision 1.31)
))
Package: pgf 2015/08/07 v3.0.1a (rcs-revision 1.15)

(D:\MikTex\tex\latex\pgf\basiclayer\pgfcore.sty
(D:\MikTex\tex\latex\pgf\systemlayer\pgfsys.sty
(D:\MikTex\tex\generic\pgf\systemlayer\pgfsys.code.tex
Package: pgfsys 2014/07/09 v3.0.1a (rcs-revision 1.48)

(D:\MikTex\tex\generic\pgf\utilities\pgfkeys.code.tex
\pgfkeys@pathtoks=\toks25
\pgfkeys@temptoks=\toks26

(D:\MikTex\tex\generic\pgf\utilities\pgfkeysfiltered.code.tex
\pgfkeys@tmptoks=\toks27
))
\pgf@x=\dimen130
\pgf@y=\dimen131
\pgf@xa=\dimen132
\pgf@ya=\dimen133
\pgf@xb=\dimen134
\pgf@yb=\dimen135
\pgf@xc=\dimen136
\pgf@yc=\dimen137
\w@pgf@writea=\write3
\r@pgf@reada=\read1
\c@pgf@counta=\count98
\c@pgf@countb=\count99
\c@pgf@countc=\count100
\c@pgf@countd=\count101
\t@pgf@toka=\toks28
\t@pgf@tokb=\toks29
\t@pgf@tokc=\toks30

(D:\MikTex\tex\generic\pgf\systemlayer\pgf.cfg
File: pgf.cfg 2008/05/14  (rcs-revision 1.7)
)
Driver file for pgf: pgfsys-dvips.def

(D:\MikTex\tex\generic\pgf\systemlayer\pgfsys-dvips.def
File: pgfsys-dvips.def 2014/07/09  (rcs-revision 1.25)

(D:\MikTex\tex\generic\pgf\systemlayer\pgfsys-common-postscript.def
File: pgfsys-common-postscript.def 2008/10/01  (rcs-revision 1.22)
\pgf@objectcount=\count102
)))
(D:\MikTex\tex\generic\pgf\systemlayer\pgfsyssoftpath.code.tex
File: pgfsyssoftpath.code.tex 2013/09/09  (rcs-revision 1.9)
\pgfsyssoftpath@smallbuffer@items=\count103
\pgfsyssoftpath@bigbuffer@items=\count104
)
(D:\MikTex\tex\generic\pgf\systemlayer\pgfsysprotocol.code.tex
File: pgfsysprotocol.code.tex 2006/10/16  (rcs-revision 1.4)
))
(D:\MikTex\tex\generic\pgf\basiclayer\pgfcore.code.tex
Package: pgfcore 2010/04/11 v3.0.1a (rcs-revision 1.7)

(D:\MikTex\tex\generic\pgf\math\pgfmath.code.tex
(D:\MikTex\tex\generic\pgf\math\pgfmathcalc.code.tex
(D:\MikTex\tex\generic\pgf\math\pgfmathutil.code.tex)
(D:\MikTex\tex\generic\pgf\math\pgfmathparser.code.tex
\pgfmath@dimen=\dimen138
\pgfmath@count=\count105
\pgfmath@box=\box35
\pgfmath@toks=\toks31
\pgfmath@stack@operand=\toks32
\pgfmath@stack@operation=\toks33
)
(D:\MikTex\tex\generic\pgf\math\pgfmathfunctions.code.tex
(D:\MikTex\tex\generic\pgf\math\pgfmathfunctions.basic.code.tex)
(D:\MikTex\tex\generic\pgf\math\pgfmathfunctions.trigonometric.code.tex)
(D:\MikTex\tex\generic\pgf\math\pgfmathfunctions.random.code.tex)
(D:\MikTex\tex\generic\pgf\math\pgfmathfunctions.comparison.code.tex)
(D:\MikTex\tex\generic\pgf\math\pgfmathfunctions.base.code.tex)
(D:\MikTex\tex\generic\pgf\math\pgfmathfunctions.round.code.tex)
(D:\MikTex\tex\generic\pgf\math\pgfmathfunctions.misc.code.tex)
(D:\MikTex\tex\generic\pgf\math\pgfmathfunctions.integerarithmetics.code.tex)))
(D:\MikTex\tex\generic\pgf\math\pgfmathfloat.code.tex
\c@pgfmathroundto@lastzeros=\count106
))
(D:\MikTex\tex\generic\pgf\basiclayer\pgfcorepoints.code.tex
File: pgfcorepoints.code.tex 2013/10/07  (rcs-revision 1.27)
\pgf@picminx=\dimen139
\pgf@picmaxx=\dimen140
\pgf@picminy=\dimen141
\pgf@picmaxy=\dimen142
\pgf@pathminx=\dimen143
\pgf@pathmaxx=\dimen144
\pgf@pathminy=\dimen145
\pgf@pathmaxy=\dimen146
\pgf@xx=\dimen147
\pgf@xy=\dimen148
\pgf@yx=\dimen149
\pgf@yy=\dimen150
\pgf@zx=\dimen151
\pgf@zy=\dimen152
)
(D:\MikTex\tex\generic\pgf\basiclayer\pgfcorepathconstruct.code.tex
File: pgfcorepathconstruct.code.tex 2013/10/07  (rcs-revision 1.29)
\pgf@path@lastx=\dimen153
\pgf@path@lasty=\dimen154
)
(D:\MikTex\tex\generic\pgf\basiclayer\pgfcorepathusage.code.tex
File: pgfcorepathusage.code.tex 2014/11/02  (rcs-revision 1.24)
\pgf@shorten@end@additional=\dimen155
\pgf@shorten@start@additional=\dimen156
)
(D:\MikTex\tex\generic\pgf\basiclayer\pgfcorescopes.code.tex
File: pgfcorescopes.code.tex 2015/05/08  (rcs-revision 1.46)
\pgfpic=\box36
\pgf@hbox=\box37
\pgf@layerbox@main=\box38
\pgf@picture@serial@count=\count107
)
(D:\MikTex\tex\generic\pgf\basiclayer\pgfcoregraphicstate.code.tex
File: pgfcoregraphicstate.code.tex 2014/11/02  (rcs-revision 1.12)
\pgflinewidth=\dimen157
)
(D:\MikTex\tex\generic\pgf\basiclayer\pgfcoretransformations.code.tex
File: pgfcoretransformations.code.tex 2015/08/07  (rcs-revision 1.20)
\pgf@pt@x=\dimen158
\pgf@pt@y=\dimen159
\pgf@pt@temp=\dimen160
)
(D:\MikTex\tex\generic\pgf\basiclayer\pgfcorequick.code.tex
File: pgfcorequick.code.tex 2008/10/09  (rcs-revision 1.3)
)
(D:\MikTex\tex\generic\pgf\basiclayer\pgfcoreobjects.code.tex
File: pgfcoreobjects.code.tex 2006/10/11  (rcs-revision 1.2)
)
(D:\MikTex\tex\generic\pgf\basiclayer\pgfcorepathprocessing.code.tex
File: pgfcorepathprocessing.code.tex 2013/09/09  (rcs-revision 1.9)
)
(D:\MikTex\tex\generic\pgf\basiclayer\pgfcorearrows.code.tex
File: pgfcorearrows.code.tex 2015/05/14  (rcs-revision 1.43)
\pgfarrowsep=\dimen161
)
(D:\MikTex\tex\generic\pgf\basiclayer\pgfcoreshade.code.tex
File: pgfcoreshade.code.tex 2013/07/15  (rcs-revision 1.15)
\pgf@max=\dimen162
\pgf@sys@shading@range@num=\count108
)
(D:\MikTex\tex\generic\pgf\basiclayer\pgfcoreimage.code.tex
File: pgfcoreimage.code.tex 2013/07/15  (rcs-revision 1.18)

(D:\MikTex\tex\generic\pgf\basiclayer\pgfcoreexternal.code.tex
File: pgfcoreexternal.code.tex 2014/07/09  (rcs-revision 1.21)
\pgfexternal@startupbox=\box39
))
(D:\MikTex\tex\generic\pgf\basiclayer\pgfcorelayers.code.tex
File: pgfcorelayers.code.tex 2013/07/18  (rcs-revision 1.7)
)
(D:\MikTex\tex\generic\pgf\basiclayer\pgfcoretransparency.code.tex
File: pgfcoretransparency.code.tex 2013/09/30  (rcs-revision 1.5)
)
(D:\MikTex\tex\generic\pgf\basiclayer\pgfcorepatterns.code.tex
File: pgfcorepatterns.code.tex 2013/11/07  (rcs-revision 1.5)
)))
(D:\MikTex\tex\generic\pgf\modules\pgfmoduleshapes.code.tex
File: pgfmoduleshapes.code.tex 2014/03/21  (rcs-revision 1.35)
\pgfnodeparttextbox=\box40
)
(D:\MikTex\tex\generic\pgf\modules\pgfmoduleplot.code.tex
File: pgfmoduleplot.code.tex 2015/08/03  (rcs-revision 1.13)
)
(D:\MikTex\tex\latex\pgf\compatibility\pgfcomp-version-0-65.sty
Package: pgfcomp-version-0-65 2007/07/03 v3.0.1a (rcs-revision 1.7)
\pgf@nodesepstart=\dimen163
\pgf@nodesepend=\dimen164
)
(D:\MikTex\tex\latex\pgf\compatibility\pgfcomp-version-1-18.sty
Package: pgfcomp-version-1-18 2007/07/23 v3.0.1a (rcs-revision 1.1)
))
(D:\MikTex\tex\latex\pgf\utilities\pgffor.sty
(D:\MikTex\tex\latex\pgf\utilities\pgfkeys.sty
(D:\MikTex\tex\generic\pgf\utilities\pgfkeys.code.tex))
(D:\MikTex\tex\latex\pgf\math\pgfmath.sty
(D:\MikTex\tex\generic\pgf\math\pgfmath.code.tex))
(D:\MikTex\tex\generic\pgf\utilities\pgffor.code.tex
Package: pgffor 2013/12/13 v3.0.1a (rcs-revision 1.25)

(D:\MikTex\tex\generic\pgf\math\pgfmath.code.tex)
\pgffor@iter=\dimen165
\pgffor@skip=\dimen166
\pgffor@stack=\toks34
\pgffor@toks=\toks35
))
(D:\MikTex\tex\generic\pgf\frontendlayer\tikz\tikz.code.tex
Package: tikz 2015/08/07 v3.0.1a (rcs-revision 1.151)

(D:\MikTex\tex\generic\pgf\libraries\pgflibraryplothandlers.code.tex
File: pgflibraryplothandlers.code.tex 2013/08/31 v3.0.1a (rcs-revision 1.20)
\pgf@plot@mark@count=\count109
\pgfplotmarksize=\dimen167
)
\tikz@lastx=\dimen168
\tikz@lasty=\dimen169
\tikz@lastxsaved=\dimen170
\tikz@lastysaved=\dimen171
\tikzleveldistance=\dimen172
\tikzsiblingdistance=\dimen173
\tikz@figbox=\box41
\tikz@figbox@bg=\box42
\tikz@tempbox=\box43
\tikz@tempbox@bg=\box44
\tikztreelevel=\count110
\tikznumberofchildren=\count111
\tikznumberofcurrentchild=\count112
\tikz@fig@count=\count113

(D:\MikTex\tex\generic\pgf\modules\pgfmodulematrix.code.tex
File: pgfmodulematrix.code.tex 2013/09/17  (rcs-revision 1.8)
\pgfmatrixcurrentrow=\count114
\pgfmatrixcurrentcolumn=\count115
\pgf@matrix@numberofcolumns=\count116
)
\tikz@expandcount=\count117

(D:\MikTex\tex\generic\pgf\frontendlayer\tikz\libraries\tikzlibrarytopaths.code
.tex
File: tikzlibrarytopaths.code.tex 2008/06/17 v3.0.1a (rcs-revision 1.2)
))) (D:\MikTex\tex\latex\bchart\bchart.sty
Package: bchart 

(D:\MikTex\tex\latex\base\ifthen.sty
Package: ifthen 2014/09/29 v1.1c Standard LaTeX ifthen package (DPC)
)
(D:\MikTex\tex\generic\pgf\frontendlayer\tikz\libraries\tikzlibrarycalc.code.te
x
File: tikzlibrarycalc.code.tex 2013/07/15 v3.0.1a (rcs-revision 1.9)
)
\bcpos=\skip51
\bcwidth=\skip52
) (D:\MikTex\tex\latex\pgfplots\pgfplots.sty
(D:\MikTex\tex\generic\pgfplots\pgfplots.revision.tex)
Package: pgfplots 2018/03/28 v1.16 Data Visualization (1.16)

(D:\MikTex\tex\generic\pgfplots\pgfplots.code.tex
(D:\MikTex\tex\generic\pgfplots\pgfplotscore.code.tex
\t@pgfplots@toka=\toks36
\t@pgfplots@tokb=\toks37
\t@pgfplots@tokc=\toks38
\pgfplots@tmpa=\dimen174
\c@pgfplots@coordindex=\count118
\c@pgfplots@scanlineindex=\count119

(D:\MikTex\tex\generic\pgfplots\sys\pgfplotssysgeneric.code.tex))
(D:\MikTex\tex\generic\pgfplots\libs\pgfplotslibrary.code.tex)
(D:\MikTex\tex\generic\pgfplots\oldpgfcompatib\pgfplotsoldpgfsupp_loader.code.t
ex (D:\MikTex\tex\generic\pgf\libraries\pgflibraryfpu.code.tex)
Package pgfplots: loading complementary arithmetics for your pgf version...

(D:\MikTex\tex\generic\pgfplots\oldpgfcompatib\pgfplotsoldpgfsupp_pgflibraryfpu
.code.tex)
(D:\MikTex\tex\generic\pgfplots\oldpgfcompatib\pgfplotsoldpgfsupp_pgfmathfloat.
code.tex
\c@pgfmathroundto@lastzeros=\count120
)
(D:\MikTex\tex\generic\pgfplots\oldpgfcompatib\pgfplotsoldpgfsupp_leq.code.tex)
) (D:\MikTex\tex\generic\pgfplots\util\pgfplotsutil.code.tex
(D:\MikTex\tex\generic\pgfplots\liststructure\pgfplotsliststructure.code.tex)
(D:\MikTex\tex\generic\pgfplots\liststructure\pgfplotsliststructureext.code.tex
) (D:\MikTex\tex\generic\pgfplots\liststructure\pgfplotsarray.code.tex
\c@pgfplotsarray@tmp=\count121
)
(D:\MikTex\tex\generic\pgfplots\liststructure\pgfplotsmatrix.code.tex)
(D:\MikTex\tex\generic\pgfplots\numtable\pgfplotstableshared.code.tex
\c@pgfplotstable@counta=\count122
\t@pgfplotstable@a=\toks39
)
(D:\MikTex\tex\generic\pgfplots\liststructure\pgfplotsdeque.code.tex)
(D:\MikTex\tex\generic\pgfplots\util\pgfplotsbinary.code.tex
(D:\MikTex\tex\generic\pgfplots\util\pgfplotsbinary.data.code.tex))
(D:\MikTex\tex\generic\pgfplots\util\pgfplotsutil.verb.code.tex)
(D:\MikTex\tex\generic\pgfplots\libs\pgflibrarypgfplots.surfshading.code.tex
\c@pgfplotslibrarysurf@no=\count123

(D:\MikTex\tex\generic\pgfplots\sys\pgflibrarypgfplots.surfshading.pgfsys-dvips
.def))) (D:\MikTex\tex\generic\pgfplots\util\pgfplotscolormap.code.tex
(D:\MikTex\tex\generic\pgfplots\util\pgfplotscolor.code.tex))
(D:\MikTex\tex\generic\pgfplots\pgfplotsstackedplots.code.tex)
(D:\MikTex\tex\generic\pgfplots\pgfplotsplothandlers.code.tex
(D:\MikTex\tex\generic\pgfplots\pgfplotsmeshplothandler.code.tex
(D:\MikTex\tex\generic\pgfplots\pgfplotsmeshplotimage.code.tex)))
(D:\MikTex\tex\generic\pgfplots\pgfplots.scaling.code.tex)
(D:\MikTex\tex\generic\pgfplots\pgfplotscoordprocessing.code.tex)
(D:\MikTex\tex\generic\pgfplots\pgfplots.errorbars.code.tex)
(D:\MikTex\tex\generic\pgfplots\pgfplots.markers.code.tex)
(D:\MikTex\tex\generic\pgfplots\pgfplotsticks.code.tex)
(D:\MikTex\tex\generic\pgfplots\pgfplots.paths.code.tex)
(D:\MikTex\tex\generic\pgf\frontendlayer\tikz\libraries\tikzlibrarydecorations.
code.tex (D:\MikTex\tex\generic\pgf\modules\pgfmoduledecorations.code.tex
\pgfdecoratedcompleteddistance=\dimen175
\pgfdecoratedremainingdistance=\dimen176
\pgfdecoratedinputsegmentcompleteddistance=\dimen177
\pgfdecoratedinputsegmentremainingdistance=\dimen178
\pgf@decorate@distancetomove=\dimen179
\pgf@decorate@repeatstate=\count124
\pgfdecorationsegmentamplitude=\dimen180
\pgfdecorationsegmentlength=\dimen181
)
\tikz@lib@dec@box=\box45
)
(D:\MikTex\tex\generic\pgf\frontendlayer\tikz\libraries\tikzlibrarydecorations.
pathmorphing.code.tex
(D:\MikTex\tex\generic\pgf\libraries\decorations\pgflibrarydecorations.pathmorp
hing.code.tex))
(D:\MikTex\tex\generic\pgf\frontendlayer\tikz\libraries\tikzlibrarydecorations.
pathreplacing.code.tex
(D:\MikTex\tex\generic\pgf\libraries\decorations\pgflibrarydecorations.pathrepl
acing.code.tex))
\pgfplots@numplots=\count125
\pgfplots@xmin@reg=\dimen182
\pgfplots@xmax@reg=\dimen183
\pgfplots@ymin@reg=\dimen184
\pgfplots@ymax@reg=\dimen185
\pgfplots@zmin@reg=\dimen186
\pgfplots@zmax@reg=\dimen187
)
(D:\MikTex\tex\generic\pgf\frontendlayer\tikz\libraries\tikzlibraryplotmarks.co
de.tex
File: tikzlibraryplotmarks.code.tex 2008/01/09 v3.0.1a (rcs-revision 1.1)
 (D:\MikTex\tex\generic\pgf\libraries\pgflibraryplotmarks.code.tex
File: pgflibraryplotmarks.code.tex 2015/08/03 v3.0.1a (rcs-revision 1.14)
)))
(D:\MikTex\tex\generic\pgfplots\libs\tikzlibrarypgfplots.external.code.tex
(D:\MikTex\tex\latex\pgf\frontendlayer\libraries\tikzlibraryexternal.code.tex
(D:\MikTex\tex\generic\oberdiek\pdftexcmds.sty
Package: pdftexcmds 2018/09/10 v0.29 Utility functions of pdfTeX for LuaTeX (HO
)

(D:\MikTex\tex\generic\oberdiek\infwarerr.sty
Package: infwarerr 2016/05/16 v1.4 Providing info/warning/error messages (HO)
)
(D:\MikTex\tex\generic\oberdiek\ifluatex.sty
Package: ifluatex 2016/05/16 v1.4 Provides the ifluatex switch (HO)
Package ifluatex Info: LuaTeX not detected.
)
(D:\MikTex\tex\generic\oberdiek\ltxcmds.sty
Package: ltxcmds 2016/05/16 v1.23 LaTeX kernel commands for general use (HO)
)
Package pdftexcmds Info: LuaTeX not detected.
Package pdftexcmds Info: \pdf@primitive is available.
Package pdftexcmds Info: \pdf@ifprimitive is available.
Package pdftexcmds Info: \pdfdraftmode is ignored in DVI mode.
)
(D:\MikTex\tex\generic\pgf\frontendlayer\tikz\libraries\tikzexternalshared.code
.tex))
Package pgfplots external lib: loading complementary code for your PGF version.
..

(D:\MikTex\tex\generic\pgfplots\oldpgfcompatib\pgfplotsoldpgfsupp_pgfcoreextern
al.code.tex
File: pgfcoreexternal.code.tex 2015/08/29  (rcs-revision 1.22)
\pgfexternal@startupbox=\box46
)
(D:\MikTex\tex\generic\pgfplots\oldpgfcompatib\pgfplotsoldpgfsupp_tikzlibraryex
ternal.code.tex (D:\MikTex\tex\latex\oberdiek\atveryend.sty
Package: atveryend 2016/05/16 v1.9 Hooks at the very end of document (HO)
Package atveryend Info: \enddocument detected (standard20110627).
)
(D:\MikTex\tex\generic\pgfplots\oldpgfcompatib\pgfplotsoldpgfsupp_tikzexternals
hared.code.tex))) (D:\MikTex\tex\latex\amsfonts\amsfonts.sty
Package: amsfonts 2013/01/14 v3.01 Basic AMSFonts support
\@emptytoks=\toks40
\symAMSa=\mathgroup4
\symAMSb=\mathgroup5
LaTeX Font Info:    Overwriting math alphabet `\mathfrak' in version `bold'
(Font)                  U/euf/m/n --> U/euf/b/n on input line 106.
)
(D:\MikTex\tex\latex\amsfonts\amssymb.sty
Package: amssymb 2013/01/14 v3.01 AMS font symbols
)
(D:\MikTex\tex\latex\amsmath\amsmath.sty
Package: amsmath 2017/09/02 v2.17a AMS math features
\@mathmargin=\skip53

For additional information on amsmath, use the `?' option.
(D:\MikTex\tex\latex\amsmath\amstext.sty
Package: amstext 2000/06/29 v2.01 AMS text

(D:\MikTex\tex\latex\amsmath\amsgen.sty
File: amsgen.sty 1999/11/30 v2.0 generic functions
\@emptytoks=\toks41
\ex@=\dimen188
))
(D:\MikTex\tex\latex\amsmath\amsbsy.sty
Package: amsbsy 1999/11/29 v1.2d Bold Symbols
\pmbraise@=\dimen189
)
(D:\MikTex\tex\latex\amsmath\amsopn.sty
Package: amsopn 2016/03/08 v2.02 operator names
)
\inf@bad=\count126
LaTeX Info: Redefining \frac on input line 213.
\uproot@=\count127
\leftroot@=\count128
LaTeX Info: Redefining \overline on input line 375.
\classnum@=\count129
\DOTSCASE@=\count130
LaTeX Info: Redefining \ldots on input line 472.
LaTeX Info: Redefining \dots on input line 475.
LaTeX Info: Redefining \cdots on input line 596.
\Mathstrutbox@=\box47
\strutbox@=\box48
\big@size=\dimen190
LaTeX Font Info:    Redeclaring font encoding OML on input line 712.
LaTeX Font Info:    Redeclaring font encoding OMS on input line 713.
\macc@depth=\count131
\c@MaxMatrixCols=\count132
\dotsspace@=\muskip11
\c@parentequation=\count133
\dspbrk@lvl=\count134
\tag@help=\toks42
\row@=\count135
\column@=\count136
\maxfields@=\count137
\andhelp@=\toks43
\eqnshift@=\dimen191
\alignsep@=\dimen192
\tagshift@=\dimen193
\tagwidth@=\dimen194
\totwidth@=\dimen195
\lineht@=\dimen196
\@envbody=\toks44
\multlinegap=\skip54
\multlinetaggap=\skip55
\mathdisplay@stack=\toks45
LaTeX Info: Redefining \[ on input line 2817.
LaTeX Info: Redefining \] on input line 2818.
) (D:\MikTex\tex\latex\tools\bm.sty
Package: bm 2017/01/16 v1.2c Bold Symbol Support (DPC/FMi)
\symboldoperators=\mathgroup6
\symboldletters=\mathgroup7
\symboldsymbols=\mathgroup8
LaTeX Font Info:    Redeclaring math alphabet \mathbf on input line 141.
LaTeX Info: Redefining \bm on input line 207.
)
(D:\MikTex\tex\latex\bbm\bbm.sty
Package: bbm 1999/03/15 V 1.2 provides fonts for set symbols - TH
LaTeX Font Info:    Overwriting math alphabet `\mathbbm' in version `bold'
(Font)                  U/bbm/m/n --> U/bbm/bx/n on input line 33.
LaTeX Font Info:    Overwriting math alphabet `\mathbbmss' in version `bold'
(Font)                  U/bbmss/m/n --> U/bbmss/bx/n on input line 35.
) (D:\MikTex\tex\latex\tools\multicol.sty
Package: multicol 2018/04/20 v1.8s multicolumn formatting (FMi)
\c@tracingmulticols=\count138
\mult@box=\box49
\multicol@leftmargin=\dimen197
\c@unbalance=\count139
\c@collectmore=\count140
\doublecol@number=\count141
\multicoltolerance=\count142
\multicolpretolerance=\count143
\full@width=\dimen198
\page@free=\dimen199
\premulticols=\dimen256
\postmulticols=\dimen257
\multicolsep=\skip56
\multicolbaselineskip=\skip57
\partial@page=\box50
\last@line=\box51
\maxbalancingoverflow=\dimen258
\mult@rightbox=\box52
\mult@grightbox=\box53
\mult@gfirstbox=\box54
\mult@firstbox=\box55
\@tempa=\box56
\@tempa=\box57
\@tempa=\box58
\@tempa=\box59
\@tempa=\box60
\@tempa=\box61
\@tempa=\box62
\@tempa=\box63
\@tempa=\box64
\@tempa=\box65
\@tempa=\box66
\@tempa=\box67
\@tempa=\box68
\@tempa=\box69
\@tempa=\box70
\@tempa=\box71
\@tempa=\box72
\c@columnbadness=\count144
\c@finalcolumnbadness=\count145
\last@try=\dimen259
\multicolovershoot=\dimen260
\multicolundershoot=\dimen261
\mult@nat@firstbox=\box73
\colbreak@box=\box74
\mc@col@check@num=\count146
)
(D:\MikTex\tex\latex\lipsum\lipsum.sty (D:\MikTex\tex\latex\l3kernel\expl3.sty
Package: expl3 2018-12-12 L3 programming layer (loader) 

(D:\MikTex\tex\latex\l3kernel\expl3-code.tex
Package: expl3 2018-12-12 L3 programming layer (code)
\c_max_int=\count147
\l_tmpa_int=\count148
\l_tmpb_int=\count149
\g_tmpa_int=\count150
\g_tmpb_int=\count151
\g__kernel_prg_map_int=\count152
\c_log_iow=\count153
\l_iow_line_count_int=\count154
\l__iow_line_target_int=\count155
\l__iow_one_indent_int=\count156
\l__iow_indent_int=\count157
\c_zero_dim=\dimen262
\c_max_dim=\dimen263
\l_tmpa_dim=\dimen264
\l_tmpb_dim=\dimen265
\g_tmpa_dim=\dimen266
\g_tmpb_dim=\dimen267
\c_zero_skip=\skip58
\c_max_skip=\skip59
\l_tmpa_skip=\skip60
\l_tmpb_skip=\skip61
\g_tmpa_skip=\skip62
\g_tmpb_skip=\skip63
\c_zero_muskip=\muskip12
\c_max_muskip=\muskip13
\l_tmpa_muskip=\muskip14
\l_tmpb_muskip=\muskip15
\g_tmpa_muskip=\muskip16
\g_tmpb_muskip=\muskip17
\l_keys_choice_int=\count158
\l__intarray_loop_int=\count159
\c__intarray_sp_dim=\dimen268
\g__intarray_font_int=\count160
\c__fp_leading_shift_int=\count161
\c__fp_middle_shift_int=\count162
\c__fp_trailing_shift_int=\count163
\c__fp_big_leading_shift_int=\count164
\c__fp_big_middle_shift_int=\count165
\c__fp_big_trailing_shift_int=\count166
\c__fp_Bigg_leading_shift_int=\count167
\c__fp_Bigg_middle_shift_int=\count168
\c__fp_Bigg_trailing_shift_int=\count169
\c__kernel_randint_max_int=\count170
\g__fp_array_int=\count171
\l__fp_array_loop_int=\count172
\l__sort_length_int=\count173
\l__sort_min_int=\count174
\l__sort_top_int=\count175
\l__sort_max_int=\count176
\l__sort_true_max_int=\count177
\l__sort_block_int=\count178
\l__sort_begin_int=\count179
\l__sort_end_int=\count180
\l__sort_A_int=\count181
\l__sort_B_int=\count182
\l__sort_C_int=\count183
\l__tl_analysis_normal_int=\count184
\l__tl_analysis_index_int=\count185
\l__tl_analysis_nesting_int=\count186
\l__tl_analysis_type_int=\count187
\l__regex_internal_a_int=\count188
\l__regex_internal_b_int=\count189
\l__regex_internal_c_int=\count190
\l__regex_balance_int=\count191
\l__regex_group_level_int=\count192
\l__regex_mode_int=\count193
\c__regex_cs_in_class_mode_int=\count194
\c__regex_cs_mode_int=\count195
\l__regex_catcodes_int=\count196
\l__regex_default_catcodes_int=\count197
\c__regex_catcode_D_int=\count198
\c__regex_catcode_S_int=\count199
\c__regex_catcode_L_int=\count266
\c__regex_catcode_O_int=\count267
\c__regex_catcode_A_int=\count268
\c__regex_all_catcodes_int=\count269
\l__regex_show_lines_int=\count270
\l__regex_min_state_int=\count271
\l__regex_max_state_int=\count272
\l__regex_left_state_int=\count273
\l__regex_right_state_int=\count274
\l__regex_capturing_group_int=\count275
\l__regex_min_pos_int=\count276
\l__regex_max_pos_int=\count277
\l__regex_curr_pos_int=\count278
\l__regex_start_pos_int=\count279
\l__regex_success_pos_int=\count280
\l__regex_curr_char_int=\count281
\l__regex_curr_catcode_int=\count282
\l__regex_last_char_int=\count283
\l__regex_case_changed_char_int=\count284
\l__regex_curr_state_int=\count285
\l__regex_step_int=\count286
\l__regex_min_active_int=\count287
\l__regex_max_active_int=\count288
\l__regex_replacement_csnames_int=\count289
\l__regex_match_count_int=\count290
\l__regex_min_submatch_int=\count291
\l__regex_submatch_int=\count292
\l__regex_zeroth_submatch_int=\count293
\g__regex_trace_regex_int=\count294
\c_empty_box=\box75
\l_tmpa_box=\box76
\l_tmpb_box=\box77
\g_tmpa_box=\box78
\g_tmpb_box=\box79
\l__box_top_dim=\dimen269
\l__box_bottom_dim=\dimen270
\l__box_left_dim=\dimen271
\l__box_right_dim=\dimen272
\l__box_top_new_dim=\dimen273
\l__box_bottom_new_dim=\dimen274
\l__box_left_new_dim=\dimen275
\l__box_right_new_dim=\dimen276
\l__box_internal_box=\box80
\l__coffin_internal_box=\box81
\l__coffin_internal_dim=\dimen277
\l__coffin_offset_x_dim=\dimen278
\l__coffin_offset_y_dim=\dimen279
\l__coffin_x_dim=\dimen280
\l__coffin_y_dim=\dimen281
\l__coffin_x_prime_dim=\dimen282
\l__coffin_y_prime_dim=\dimen283
\c_empty_coffin=\box82
\l__coffin_aligned_coffin=\box83
\l__coffin_aligned_internal_coffin=\box84
\l_tmpa_coffin=\box85
\l_tmpb_coffin=\box86
\l__coffin_display_coffin=\box87
\l__coffin_display_coord_coffin=\box88
\l__coffin_display_pole_coffin=\box89
\l__coffin_display_offset_dim=\dimen284
\l__coffin_display_x_dim=\dimen285
\l__coffin_display_y_dim=\dimen286
\g__file_internal_ior=\read2
\l__coffin_bounding_shift_dim=\dimen287
\l__coffin_left_corner_dim=\dimen288
\l__coffin_right_corner_dim=\dimen289
\l__coffin_bottom_corner_dim=\dimen290
\l__coffin_top_corner_dim=\dimen291
\l__coffin_scaled_total_height_dim=\dimen292
\l__coffin_scaled_width_dim=\dimen293
\l__seq_internal_a_int=\count295
\l__seq_internal_b_int=\count296
)
(D:\MikTex\tex\latex\l3kernel\l3dvips.def
File: l3dvips.def 2018-12-12 v L3 Experimental driver: dvips
\g__driver_pdf_object_int=\count297
))
(D:\MikTex\tex\latex\l3packages\xparse\xparse.sty
Package: xparse 2018-10-17 L3 Experimental document command parser
\l__xparse_current_arg_int=\count298
\g__xparse_grabber_int=\count299
\l__xparse_m_args_int=\count300
\l__xparse_mandatory_args_int=\count301
\l__xparse_v_nesting_int=\count302
)
Package: lipsum 2018/11/24 v2.1a 150 paragraphs of Lorem Ipsum dummy text
)
(D:\MikTex\tex\latex\hyperref\hyperref.sty
Package: hyperref 2018/09/30 v6.88a Hypertext links for LaTeX

(D:\MikTex\tex\generic\oberdiek\hobsub-hyperref.sty
Package: hobsub-hyperref 2016/05/16 v1.14 Bundle oberdiek, subset hyperref (HO)


(D:\MikTex\tex\generic\oberdiek\hobsub-generic.sty
Package: hobsub-generic 2016/05/16 v1.14 Bundle oberdiek, subset generic (HO)
Package: hobsub 2016/05/16 v1.14 Construct package bundles (HO)
Package hobsub Info: Skipping package `infwarerr' (already loaded).
Package hobsub Info: Skipping package `ltxcmds' (already loaded).
Package hobsub Info: Skipping package `ifluatex' (already loaded).
Package hobsub Info: Skipping package `ifvtex' (already loaded).
Package: intcalc 2016/05/16 v1.2 Expandable calculations with integers (HO)
Package hobsub Info: Skipping package `ifpdf' (already loaded).
Package: etexcmds 2016/05/16 v1.6 Avoid name clashes with e-TeX commands (HO)
Package etexcmds Info: Could not find \expanded.
(etexcmds)             That can mean that you are not using pdfTeX 1.50 or
(etexcmds)             that some package has redefined \expanded.
(etexcmds)             In the latter case, load this package earlier.
Package: kvsetkeys 2016/05/16 v1.17 Key value parser (HO)
Package: kvdefinekeys 2016/05/16 v1.4 Define keys (HO)
Package hobsub Info: Skipping package `pdftexcmds' (already loaded).
Package: pdfescape 2016/05/16 v1.14 Implements pdfTeX's escape features (HO)
Package: bigintcalc 2016/05/16 v1.4 Expandable calculations on big integers (HO
)
Package: bitset 2016/05/16 v1.2 Handle bit-vector datatype (HO)
Package: uniquecounter 2016/05/16 v1.3 Provide unlimited unique counter (HO)
)
Package hobsub Info: Skipping package `hobsub' (already loaded).
Package: letltxmacro 2016/05/16 v1.5 Let assignment for LaTeX macros (HO)
Package: hopatch 2016/05/16 v1.3 Wrapper for package hooks (HO)
Package: xcolor-patch 2016/05/16 xcolor patch
Package hobsub Info: Skipping package `atveryend' (already loaded).
Package: atbegshi 2016/06/09 v1.18 At begin shipout hook (HO)
Package: refcount 2016/05/16 v3.5 Data extraction from label references (HO)
Package: hycolor 2016/05/16 v1.8 Color options for hyperref/bookmark (HO)
)
(D:\MikTex\tex\latex\oberdiek\auxhook.sty
Package: auxhook 2016/05/16 v1.4 Hooks for auxiliary files (HO)
)
(D:\MikTex\tex\latex\oberdiek\kvoptions.sty
Package: kvoptions 2016/05/16 v3.12 Key value format for package options (HO)
)
\@linkdim=\dimen294
\Hy@linkcounter=\count303
\Hy@pagecounter=\count304

(D:\MikTex\tex\latex\hyperref\pd1enc.def
File: pd1enc.def 2018/09/30 v6.88a Hyperref: PDFDocEncoding definition (HO)
Now handling font encoding PD1 ...
... no UTF-8 mapping file for font encoding PD1
)
\Hy@SavedSpaceFactor=\count305

(D:\MikTex\tex\latex\00miktex\hyperref.cfg
File: hyperref.cfg 2002/06/06 v1.2 hyperref configuration of TeXLive
)
Package hyperref Info: Hyper figures OFF on input line 4535.
Package hyperref Info: Link nesting OFF on input line 4540.
Package hyperref Info: Hyper index ON on input line 4543.
Package hyperref Info: Plain pages OFF on input line 4550.
Package hyperref Info: Backreferencing OFF on input line 4555.
Package hyperref Info: Implicit mode ON; LaTeX internals redefined.
Package hyperref Info: Bookmarks ON on input line 4788.
\c@Hy@tempcnt=\count306
LaTeX Info: Redefining \url on input line 5141.
\XeTeXLinkMargin=\dimen295
\Fld@menulength=\count307
\Field@Width=\dimen296
\Fld@charsize=\dimen297
Package hyperref Info: Hyper figures OFF on input line 6396.
Package hyperref Info: Link nesting OFF on input line 6401.
Package hyperref Info: Hyper index ON on input line 6404.
Package hyperref Info: backreferencing OFF on input line 6411.
Package hyperref Info: Link coloring OFF on input line 6416.
Package hyperref Info: Link coloring with OCG OFF on input line 6421.
Package hyperref Info: PDF/A mode OFF on input line 6426.
LaTeX Info: Redefining \ref on input line 6466.
LaTeX Info: Redefining \pageref on input line 6470.
\Hy@abspage=\count308
\c@Item=\count309
\c@Hfootnote=\count310
)
Package hyperref Info: Driver (default): hdvips.

(D:\MikTex\tex\latex\hyperref\hdvips.def
File: hdvips.def 2018/09/30 v6.88a Hyperref driver for dvips

(D:\MikTex\tex\latex\hyperref\pdfmark.def
File: pdfmark.def 2018/09/30 v6.88a Hyperref definitions for pdfmark specials
\pdf@docset=\toks46
\pdf@box=\box90
\pdf@toks=\toks47
\pdf@defaulttoks=\toks48
\HyField@AnnotCount=\count311
\Fld@listcount=\count312
\c@bookmark@seq@number=\count313

(D:\MikTex\tex\latex\oberdiek\rerunfilecheck.sty
Package: rerunfilecheck 2016/05/16 v1.8 Rerun checks for auxiliary files (HO)
Package uniquecounter Info: New unique counter `rerunfilecheck' on input line 2
82.
)
\Hy@SectionHShift=\skip64
))
(D:\MikTex\tex\latex\csquotes\csquotes.sty
Package: csquotes 2018/04/13 v5.2d context-sensitive quotations (JAW)

(D:\MikTex\tex\latex\etoolbox\etoolbox.sty
Package: etoolbox 2018/08/19 v2.5f e-TeX tools for LaTeX (JAW)
\etb@tempcnta=\count314
)
\csq@reset=\count315
\csq@gtype=\count316
\csq@glevel=\count317
\csq@qlevel=\count318
\csq@maxlvl=\count319
\csq@tshold=\count320
\csq@ltx@everypar=\toks49

(D:\MikTex\tex\latex\csquotes\csquotes.def
File: csquotes.def 2018/04/13 v5.2d csquotes generic definitions (JAW)
)
Package csquotes Info: Trying to load configuration file 'csquotes.cfg'...
Package csquotes Info: ... configuration file loaded successfully.

(D:\MikTex\tex\latex\csquotes\csquotes.cfg
File: csquotes.cfg 
))
(D:\MikTex\tex\latex\multirow\multirow.sty
Package: multirow 2018/08/03 v2.3 Span multiple rows of a table
\multirow@colwidth=\skip65
\multirow@cntb=\count321
\multirow@dima=\skip66
\bigstrutjot=\dimen298
)
(D:\MikTex\tex\latex\carlisle\scalefnt.sty)
(D:\MikTex\tex\latex\siunitx\siunitx.sty
Package: siunitx 2018/05/17 v2.7s A comprehensive (SI) units package

(D:\MikTex\tex\latex\l3packages\l3keys2e\l3keys2e.sty
Package: l3keys2e 2018-10-17 LaTeX2e option processing using LaTeX3 keys
)
\l__siunitx_tmp_box=\box91
\l__siunitx_tmp_dim=\dimen299
\l__siunitx_tmp_int=\count322
\l__siunitx_number_mantissa_length_int=\count323
\l__siunitx_number_uncert_length_int=\count324
\l__siunitx_round_int=\count325
\l__siunitx_process_decimal_int=\count326
\l__siunitx_process_uncertainty_int=\count327
\l__siunitx_process_fixed_int=\count328
\l__siunitx_process_integer_min_int=\count329
\l__siunitx_process_precision_int=\count330
\l__siunitx_group_min_int=\count331
\l__siunitx_angle_marker_box=\box92
\l__siunitx_angle_unit_box=\box93
\l__siunitx_angle_marker_dim=\dimen300
\l__siunitx_angle_unit_dim=\dimen301
\l__siunitx_unit_int=\count332
\l__siunitx_unit_denominator_int=\count333
\l__siunitx_unit_numerator_int=\count334
\l__siunitx_unit_prefix_int=\count335
\l__siunitx_unit_prefix_base_int=\count336
\l__siunitx_unit_prefix_gram_int=\count337
\l__siunitx_number_product_int=\count338
\c__siunitx_one_fill_skip=\skip67
\l__siunitx_table_unit_align_skip=\skip68
\l__siunitx_table_exponent_dim=\dimen302
\l__siunitx_table_integer_dim=\dimen303
\l__siunitx_table_mantissa_dim=\dimen304
\l__siunitx_table_marker_dim=\dimen305
\l__siunitx_table_result_dim=\dimen306
\l__siunitx_table_uncert_dim=\dimen307
\l__siunitx_table_fill_pre_dim=\dimen308
\l__siunitx_table_fill_post_dim=\dimen309
\l__siunitx_table_fill_mid_dim=\dimen310
\l__siunitx_table_pre_box=\box94
\l__siunitx_table_post_box=\box95
\l__siunitx_table_mantissa_box=\box96
\l__siunitx_table_result_box=\box97
\l__siunitx_table_number_align_skip=\skip69
\l__siunitx_table_text_align_skip=\skip70

(D:\MikTex\tex\latex\translator\translator.sty
Package: translator 2018/01/04 v1.12 Easy translation of strings in LaTeX
))
Package csquotes Info: Checking for multilingual support...
Package csquotes Info: ... found 'babel' package.
Package csquotes Info: Adjusting default style.
Package csquotes Info: Redefining alias 'default' -> 'portuguese'.
 (main.aux)
\openout1 = `main.aux'.

LaTeX Font Info:    Checking defaults for OML/cmm/m/it on input line 64.
LaTeX Font Info:    ... okay on input line 64.
LaTeX Font Info:    Checking defaults for T1/cmr/m/n on input line 64.
LaTeX Font Info:    ... okay on input line 64.
LaTeX Font Info:    Checking defaults for OT1/cmr/m/n on input line 64.
LaTeX Font Info:    ... okay on input line 64.
LaTeX Font Info:    Checking defaults for OMS/cmsy/m/n on input line 64.
LaTeX Font Info:    ... okay on input line 64.
LaTeX Font Info:    Checking defaults for OMX/cmex/m/n on input line 64.
LaTeX Font Info:    ... okay on input line 64.
LaTeX Font Info:    Checking defaults for U/cmr/m/n on input line 64.
LaTeX Font Info:    ... okay on input line 64.
LaTeX Font Info:    Checking defaults for PD1/pdf/m/n on input line 64.
LaTeX Font Info:    ... okay on input line 64.
LaTeX Font Info:    Try loading font information for OT1+ptm on input line 64.

(D:\MikTex\tex\latex\psnfss\ot1ptm.fd
File: ot1ptm.fd 2001/06/04 font definitions for OT1/ptm.
)
*geometry* driver: auto-detecting
*geometry* detected driver: dvips
*geometry* verbose mode - [ preamble ] result:
* driver: dvips
* paper: a4paper
* layout: <same size as paper>
* layoutoffset:(h,v)=(0.0pt,0.0pt)
* modes: 
* h-part:(L,W,R)=(85.35826pt, 426.79135pt, 85.35826pt)
* v-part:(T,H,B)=(99.58464pt, 674.33032pt, 71.13188pt)
* \paperwidth=597.50787pt
* \paperheight=845.04684pt
* \textwidth=426.79135pt
* \textheight=674.33032pt
* \oddsidemargin=13.08827pt
* \evensidemargin=13.08827pt
* \topmargin=-9.68535pt
* \headheight=12.0pt
* \headsep=25.0pt
* \topskip=12.0pt
* \footskip=30.0pt
* \marginparwidth=44.0pt
* \marginparsep=10.0pt
* \columnsep=10.0pt
* \skip\footins=10.8pt plus 4.0pt minus 2.0pt
* \hoffset=0.0pt
* \voffset=0.0pt
* \mag=1000
* \@twocolumnfalse
* \@twosidefalse
* \@mparswitchfalse
* \@reversemarginfalse
* (1in=72.27pt=25.4mm, 1cm=28.453pt)

ABD: EveryShipout initializing macros
Package pgfplots notification 'compat/show suggested version=true': you might b
enefit from \pgfplotsset{compat=1.16} (current compat level: 1.9).

\AtBeginShipoutBox=\box98
Package hyperref Info: Link coloring OFF on input line 64.
(D:\MikTex\tex\latex\hyperref\nameref.sty
Package: nameref 2016/05/21 v2.44 Cross-referencing by name of section

(D:\MikTex\tex\generic\oberdiek\gettitlestring.sty
Package: gettitlestring 2016/05/16 v1.5 Cleanup title references (HO)
)
\c@section@level=\count339
)
LaTeX Info: Redefining \ref on input line 64.
LaTeX Info: Redefining \pageref on input line 64.
LaTeX Info: Redefining \nameref on input line 64.
 (main.out) (main.out)
\@outlinefile=\write4
\openout4 = `main.out'.

Now handling font encoding TS1 ...
... processing UTF-8 mapping file for font encoding TS1

(D:\MikTex\tex\latex\base\ts1enc.dfu
File: ts1enc.dfu 2018/04/05 v1.2c UTF-8 support for inputenc
   defining Unicode char U+00A2 (decimal 162)
   defining Unicode char U+00A3 (decimal 163)
   defining Unicode char U+00A4 (decimal 164)
   defining Unicode char U+00A5 (decimal 165)
   defining Unicode char U+00A6 (decimal 166)
   defining Unicode char U+00A7 (decimal 167)
   defining Unicode char U+00A8 (decimal 168)
   defining Unicode char U+00A9 (decimal 169)
   defining Unicode char U+00AA (decimal 170)
   defining Unicode char U+00AC (decimal 172)
   defining Unicode char U+00AE (decimal 174)
   defining Unicode char U+00AF (decimal 175)
   defining Unicode char U+00B0 (decimal 176)
   defining Unicode char U+00B1 (decimal 177)
   defining Unicode char U+00B2 (decimal 178)
   defining Unicode char U+00B3 (decimal 179)
   defining Unicode char U+00B4 (decimal 180)
   defining Unicode char U+00B5 (decimal 181)
   defining Unicode char U+00B6 (decimal 182)
   defining Unicode char U+00B7 (decimal 183)
   defining Unicode char U+00B9 (decimal 185)
   defining Unicode char U+00BA (decimal 186)
   defining Unicode char U+00BC (decimal 188)
   defining Unicode char U+00BD (decimal 189)
   defining Unicode char U+00BE (decimal 190)
   defining Unicode char U+00D7 (decimal 215)
   defining Unicode char U+00F7 (decimal 247)
   defining Unicode char U+0192 (decimal 402)
   defining Unicode char U+02C7 (decimal 711)
   defining Unicode char U+02D8 (decimal 728)
   defining Unicode char U+02DD (decimal 733)
   defining Unicode char U+0E3F (decimal 3647)
   defining Unicode char U+2016 (decimal 8214)
   defining Unicode char U+2020 (decimal 8224)
   defining Unicode char U+2021 (decimal 8225)
   defining Unicode char U+2022 (decimal 8226)
   defining Unicode char U+2030 (decimal 8240)
   defining Unicode char U+2031 (decimal 8241)
   defining Unicode char U+203B (decimal 8251)
   defining Unicode char U+203D (decimal 8253)
   defining Unicode char U+2044 (decimal 8260)
   defining Unicode char U+204E (decimal 8270)
   defining Unicode char U+2052 (decimal 8274)
   defining Unicode char U+20A1 (decimal 8353)
   defining Unicode char U+20A4 (decimal 8356)
   defining Unicode char U+20A6 (decimal 8358)
   defining Unicode char U+20A9 (decimal 8361)
   defining Unicode char U+20AB (decimal 8363)
   defining Unicode char U+20AC (decimal 8364)
   defining Unicode char U+20B1 (decimal 8369)
   defining Unicode char U+2103 (decimal 8451)
   defining Unicode char U+2116 (decimal 8470)
   defining Unicode char U+2117 (decimal 8471)
   defining Unicode char U+211E (decimal 8478)
   defining Unicode char U+2120 (decimal 8480)
   defining Unicode char U+2122 (decimal 8482)
   defining Unicode char U+2126 (decimal 8486)
   defining Unicode char U+2127 (decimal 8487)
   defining Unicode char U+212E (decimal 8494)
   defining Unicode char U+2190 (decimal 8592)
   defining Unicode char U+2191 (decimal 8593)
   defining Unicode char U+2192 (decimal 8594)
   defining Unicode char U+2193 (decimal 8595)
   defining Unicode char U+2329 (decimal 9001)
   defining Unicode char U+232A (decimal 9002)
   defining Unicode char U+2422 (decimal 9250)
   defining Unicode char U+25E6 (decimal 9702)
   defining Unicode char U+25EF (decimal 9711)
   defining Unicode char U+266A (decimal 9834)
   defining Unicode char U+FEFF (decimal 65279)
)
(D:\MikTex\tex\latex\translator\translator-basic-dictionary-English.dict
Dictionary: translator-basic-dictionary, Language: English 
)
(D:\MikTex\tex\latex\siunitx\siunitx-abbreviations.cfg
File: siunitx-abbreviations.cfg 2017/11/26 v2.7k siunitx: Abbreviated units
)
LaTeX Font Info:    Try loading font information for U+msa on input line 64.

(D:\MikTex\tex\latex\amsfonts\umsa.fd
File: umsa.fd 2013/01/14 v3.01 AMS symbols A
)
LaTeX Font Info:    Try loading font information for U+msb on input line 64.
 (D:\MikTex\tex\latex\amsfonts\umsb.fd
File: umsb.fd 2013/01/14 v3.01 AMS symbols B
)
LaTeX Font Info:    Font shape `OT1/ptm/bx/n' in size <16> not available
(Font)              Font shape `OT1/ptm/b/n' tried instead on input line 67.
LaTeX Font Info:    Font shape `OT1/ptm/bx/n' in size <12> not available
(Font)              Font shape `OT1/ptm/b/n' tried instead on input line 67.
LaTeX Font Info:    Try loading font information for OT1+pcr on input line 67.

(D:\MikTex\tex\latex\psnfss\ot1pcr.fd
File: ot1pcr.fd 2001/06/04 font definitions for OT1/pcr.
)
LaTeX Font Info:    Font shape `OT1/ptm/bx/n' in size <13> not available
(Font)              Font shape `OT1/ptm/b/n' tried instead on input line 77.


Package natbib Warning: Citation `Maia2008' on page 1 undefined on input line 8
3.


Package natbib Warning: Citation `Vanz2010' on page 1 undefined on input line 8
4.

LaTeX Font Info:    Try loading font information for OMS+ptm on input line 98.
(D:\MikTex\tex\latex\psnfss\omsptm.fd
File: omsptm.fd 
)
LaTeX Font Info:    Font shape `OMS/ptm/m/n' in size <12> not available
(Font)              Font shape `OMS/cmsy/m/n' tried instead on input line 98.
 [1

]

Package natbib Warning: Citation `pritchard1969statistical' on page 2 undefined
 on input line 107.


Package natbib Warning: Citation `osareh1996bibliometrics' on page 2 undefined 
on input line 109.


Package natbib Warning: Citation `Barabasi2001' on page 2 undefined on input li
ne 114.

[2]

Package natbib Warning: Citation `barabasi2003everything' on page 3 undefined o
n input line 150.


! LaTeX Error: Cannot determine size of graphic in images/intra-grafo.pdf (no B
oundingBox).

See the LaTeX manual or LaTeX Companion for explanation.
Type  H <return>  for immediate help.
 ...                                              
                                                  
l.160 ...aphics[scale=0.8]{images/intra-grafo.pdf}
                                                  
Try typing  <return>  to proceed.
If that doesn't work, type  X <return>  to quit.

File: images/intra-grafo.pdf Graphic file (type eps)
<images/intra-grafo.pdf>
LaTeX Font Info:    Try loading font information for OT1+phv on input line 161.

 (D:\MikTex\tex\latex\psnfss\ot1phv.fd
File: ot1phv.fd 2001/06/04 scalable font definitions for OT1/phv.
)
LaTeX Font Info:    Font shape `OT1/phv/bx/n' in size <10> not available
(Font)              Font shape `OT1/phv/b/n' tried instead on input line 161.


! LaTeX Error: Cannot determine size of graphic in images/inter-grafo.pdf (no B
oundingBox).

See the LaTeX manual or LaTeX Companion for explanation.
Type  H <return>  for immediate help.
 ...                                              
                                                  
l.167 ...aphics[scale=0.8]{images/inter-grafo.pdf}
                                                  
Try typing  <return>  to proceed.
If that doesn't work, type  X <return>  to quit.

File: images/inter-grafo.pdf Graphic file (type eps)
<images/inter-grafo.pdf>

Package natbib Warning: Citation `Silva2006' on page 3 undefined on input line 
174.

[3]

Package natbib Warning: Citation `freeman1996some' on page 4 undefined on input
 line 176.


Package natbib Warning: Citation `wasserman1994social' on page 4 undefined on i
nput line 176.


Package natbib Warning: Citation `otte2002social' on page 4 undefined on input 
line 176.


! LaTeX Error: Cannot determine size of graphic in images/rede-newman.pdf (no B
oundingBox).

See the LaTeX manual or LaTeX Companion for explanation.
Type  H <return>  for immediate help.
 ...                                              
                                                  
l.183 ...aphics[scale=0.6]{images/rede-newman.pdf}
                                                  
Try typing  <return>  to proceed.
If that doesn't work, type  X <return>  to quit.

File: images/rede-newman.pdf Graphic file (type eps)
<images/rede-newman.pdf> [4]

Package amsmath Warning: Foreign command \atopwithdelims;
(amsmath)                \frac or \genfrac should be used instead
(amsmath)                 on input line 224.


Package natbib Warning: Citation `Sonnenwald' on page 5 undefined on input line
 240.


Package natbib Warning: Citation `Newman2004' on page 5 undefined on input line
 244.


Package natbib Warning: Citation `Sonnenwald' on page 5 undefined on input line
 246.


Package natbib Warning: Citation `de2018exploratory' on page 5 undefined on inp
ut line 254.

[5]

Package natbib Warning: Citation `de2018exploratory' on page 6 undefined on inp
ut line 272.


Underfull \hbox (badness 2134) in paragraph at lines 283--284
\OT1/ptm/m/n/12 Nesta etapa fo-ram ela-bo-ra-dos al-guns tra-ta-men-tos da rede
, tal como lim-peza e
 []


Package natbib Warning: Citation `de2018exploratory' on page 6 undefined on inp
ut line 291.

[6]

! LaTeX Error: Cannot determine size of graphic in images/norte.pdf (no Boundin
gBox).

See the LaTeX manual or LaTeX Companion for explanation.
Type  H <return>  for immediate help.
 ...                                              
                                                  
l.312 ...ludegraphics[scale=0.6]{images/norte.pdf}
                                                  
Try typing  <return>  to proceed.
If that doesn't work, type  X <return>  to quit.

File: images/norte.pdf Graphic file (type eps)
<images/norte.pdf> [7]

! LaTeX Error: Cannot determine size of graphic in images/nordeste.pdf (no Boun
dingBox).

See the LaTeX manual or LaTeX Companion for explanation.
Type  H <return>  for immediate help.
 ...                                              
                                                  
l.341 ...egraphics[scale=0.6]{images/nordeste.pdf}
                                                  
Try typing  <return>  to proceed.
If that doesn't work, type  X <return>  to quit.

File: images/nordeste.pdf Graphic file (type eps)
<images/nordeste.pdf>

! LaTeX Error: Cannot determine size of graphic in images/centro_oeste.pdf (no 
BoundingBox).

See the LaTeX manual or LaTeX Companion for explanation.
Type  H <return>  for immediate help.
 ...                                              
                                                  
l.370 ...phics[scale=0.6]{images/centro_oeste.pdf}
                                                  
Try typing  <return>  to proceed.
If that doesn't work, type  X <return>  to quit.

File: images/centro_oeste.pdf Graphic file (type eps)
<images/centro_oeste.pdf>

! LaTeX Error: Cannot determine size of graphic in images/sudeste.pdf (no Bound
ingBox).

See the LaTeX manual or LaTeX Companion for explanation.
Type  H <return>  for immediate help.
 ...                                              
                                                  
l.396 ...degraphics[scale=0.6]{images/sudeste.pdf}
                                                  
Try typing  <return>  to proceed.
If that doesn't work, type  X <return>  to quit.

File: images/sudeste.pdf Graphic file (type eps)
<images/sudeste.pdf> [8]

! LaTeX Error: Cannot determine size of graphic in images/sul.pdf (no BoundingB
ox).

See the LaTeX manual or LaTeX Companion for explanation.
Type  H <return>  for immediate help.
 ...                                              
                                                  
l.423 \includegraphics[scale=0.6]{images/sul.pdf}
                                                 
Try typing  <return>  to proceed.
If that doesn't work, type  X <return>  to quit.

File: images/sul.pdf Graphic file (type eps)
<images/sul.pdf>
No file main.bbl.

Package natbib Warning: There were undefined citations.

[9]
Package atveryend Info: Empty hook `BeforeClearDocument' on input line 450.
Package atveryend Info: Empty hook `AfterLastShipout' on input line 450.
 (main.aux)
Package atveryend Info: Executing hook `AtVeryEndDocument' on input line 450.
Package atveryend Info: Executing hook `AtEndAfterFileList' on input line 450.
Package rerunfilecheck Info: File `main.out' has not changed.
(rerunfilecheck)             Checksum: CDC39837D3CD26BD84D6954B060E8633;1319.


LaTeX Warning: Label(s) may have changed. Rerun to get cross-references right.

Package atveryend Info: Empty hook `AtVeryVeryEnd' on input line 450.
 ) 
Here is how much of TeX's memory you used:
 40572 strings out of 492971
 923094 string characters out of 3143850
 1187722 words of memory out of 3000000
 43829 multiletter control sequences out of 15000+200000
 554462 words of font info for 96 fonts, out of 3000000 for 9000
 1141 hyphenation exceptions out of 8191
 62i,14n,96p,1345b,840s stack positions out of 5000i,500n,10000p,200000b,50000s

Output written on main.dvi (9 pages, 59276 bytes).
