This is pdfTeX, Version 3.14159265-2.6-1.40.19 (MiKTeX 2.9.6840 64-bit) (preloaded format=pdflatex 2019.1.3)  27 MAY 2019 05:16
entering extended mode
**./redes.tex
(redes.tex
LaTeX2e <2018-04-01> patch level 5
! Undefined control sequence.
l.2 \chapter
            {\textsc{Ambiente Reprodutível e Computacional}}~\label{app:amb...
The control sequence at the end of the top line
of your error message was never \def'ed. If you have
misspelled it (e.g., `\hobx'), type `I' and the correct
spelling (e.g., `I\hbox'). Otherwise just continue,
and I'll forget about whatever was undefined.


! LaTeX Error: Missing \begin{document}.

See the LaTeX manual or LaTeX Companion for explanation.
Type  H <return>  for immediate help.
 ...                                              
                                                  
l.2 ...tsc{Ambiente Reprodutível e Computacional}
                                                  }~\label{app:ambiente}
You're in trouble here.  Try typing  <return>  to proceed.
If that doesn't work, type  X <return>  to quit.

! Undefined control sequence.
l.3 \lhead
          {\textsc{Ambiente Reprodutível e Computacional}}
The control sequence at the end of the top line
of your error message was never \def'ed. If you have
misspelled it (e.g., `\hobx'), type `I' and the correct
spelling (e.g., `I\hbox'). Otherwise just continue,
and I'll forget about whatever was undefined.


Overfull \hbox (67.6275pt too wide) in paragraph at lines 2--4
[]\OT1/cmr/m/sc/10 Ambiente
 []


Overfull \hbox (17.35541pt too wide) in paragraph at lines 2--4
\OT1/cmr/m/sc/10 Re-
 []


Overfull \hbox (21.51099pt too wide) in paragraph at lines 2--4
\OT1/cmr/m/sc/10 pro-
 []


Overfull \hbox (38.15538pt too wide) in paragraph at lines 2--4
\OT1/cmr/m/sc/10 dut[]vel
 []


Overfull \hbox (5.57774pt too wide) in paragraph at lines 2--4
\OT1/cmr/m/sc/10 e
 []


Overfull \hbox (25.46094pt too wide) in paragraph at lines 2--4
\OT1/cmr/m/sc/10 Com-
 []


Overfull \hbox (26.8665pt too wide) in paragraph at lines 2--4
\OT1/cmr/m/sc/10 puta-
 []


Overfull \hbox (32.68874pt too wide) in paragraph at lines 2--4
\OT1/cmr/m/sc/10 cional []
 []


Overfull \hbox (19.38318pt too wide) in paragraph at lines 2--4
\OT1/cmr/m/sc/10 Am-
 []


Overfull \hbox (12.59993pt too wide) in paragraph at lines 2--4
\OT1/cmr/m/sc/10 bi-
 []


Overfull \hbox (23.19987pt too wide) in paragraph at lines 2--4
\OT1/cmr/m/sc/10 ente
 []


Overfull \hbox (17.35541pt too wide) in paragraph at lines 2--4
\OT1/cmr/m/sc/10 Re-
 []


Overfull \hbox (21.51099pt too wide) in paragraph at lines 2--4
\OT1/cmr/m/sc/10 pro-
 []


Overfull \hbox (38.15538pt too wide) in paragraph at lines 2--4
\OT1/cmr/m/sc/10 dut[]vel
 []


Overfull \hbox (5.57774pt too wide) in paragraph at lines 2--4
\OT1/cmr/m/sc/10 e
 []


Overfull \hbox (25.46094pt too wide) in paragraph at lines 2--4
\OT1/cmr/m/sc/10 Com-
 []


Overfull \hbox (26.8665pt too wide) in paragraph at lines 2--4
\OT1/cmr/m/sc/10 puta-
 []


Overfull \hbox (32.68874pt too wide) in paragraph at lines 2--4
\OT1/cmr/m/sc/10 cional 
 []

)
! Emergency stop.
<*> ./redes.tex
               
*** (job aborted, no legal \end found)

 
Here is how much of TeX's memory you used:
 11 strings out of 492970
 248 string characters out of 3143824
 56596 words of memory out of 3000000
 3983 multiletter control sequences out of 15000+200000
 3941 words of font info for 15 fonts, out of 3000000 for 9000
 1141 hyphenation exceptions out of 8191
 13i,1n,10p,108b,72s stack positions out of 5000i,500n,10000p,200000b,50000s
!  ==> Fatal error occurred, no output PDF file produced!
